c:\users\vinh tas\dropbox\vinhnguyenutas\vinhbict\year three\kit205\tutorial\week 4\week 4\week 4\debug\vc141.pdb
c:\users\vinh tas\dropbox\vinhnguyenutas\vinhbict\year three\kit205\tutorial\week 4\week 4\week 4\debug\vc141.idb
c:\users\vinh tas\dropbox\vinhnguyenutas\vinhbict\year three\kit205\tutorial\week 4\week 4\week 4\debug\main.obj
c:\users\vinh tas\dropbox\vinhnguyenutas\vinhbict\year three\kit205\tutorial\week 4\week 4\week 4\debug\bst.obj
c:\users\vinh tas\dropbox\vinhnguyenutas\vinhbict\year three\kit205\assignment 1\week 4\week 4\debug\vc141.pdb
c:\users\vinh tas\dropbox\vinhnguyenutas\vinhbict\year three\kit205\assignment 1\week 4\week 4\debug\vc141.idb
c:\users\vinh tas\dropbox\vinhnguyenutas\vinhbict\year three\kit205\assignment 1\week 4\week 4\debug\main.obj
c:\users\vinh tas\dropbox\vinhnguyenutas\vinhbict\year three\kit205\assignment 1\week 4\week 4\debug\bst.obj
c:\users\vinh tas\dropbox\vinhnguyenutas\vinhbict\year three\kit205\tutorial\week 4\week 4\debug\week 4.exe
c:\users\vinh tas\dropbox\vinhnguyenutas\vinhbict\year three\kit205\tutorial\week 4\week 4\debug\week 4.ilk
c:\users\vinh tas\dropbox\vinhnguyenutas\vinhbict\year three\kit205\tutorial\week 4\week 4\debug\week 4.pdb
c:\users\vinh tas\dropbox\vinhnguyenutas\vinhbict\year three\kit205\assignment 1\week 4\debug\week 4.exe
c:\users\vinh tas\dropbox\vinhnguyenutas\vinhbict\year three\kit205\assignment 1\week 4\debug\week 4.ilk
c:\users\vinh tas\dropbox\vinhnguyenutas\vinhbict\year three\kit205\assignment 1\week 4\debug\week 4.pdb
c:\users\vinh tas\dropbox\vinhnguyenutas\vinhbict\year three\kit205\assignment 1\week 4\week 4\debug\week 4.tlog\cl.command.1.tlog
c:\users\vinh tas\dropbox\vinhnguyenutas\vinhbict\year three\kit205\assignment 1\week 4\week 4\debug\week 4.tlog\cl.read.1.tlog
c:\users\vinh tas\dropbox\vinhnguyenutas\vinhbict\year three\kit205\assignment 1\week 4\week 4\debug\week 4.tlog\cl.write.1.tlog
c:\users\vinh tas\dropbox\vinhnguyenutas\vinhbict\year three\kit205\assignment 1\week 4\week 4\debug\week 4.tlog\link.command.1.tlog
c:\users\vinh tas\dropbox\vinhnguyenutas\vinhbict\year three\kit205\assignment 1\week 4\week 4\debug\week 4.tlog\link.read.1.tlog
c:\users\vinh tas\dropbox\vinhnguyenutas\vinhbict\year three\kit205\assignment 1\week 4\week 4\debug\week 4.tlog\link.write.1.tlog
